This is pdfTeX, Version 3.141592653-2.6-1.40.25 (MiKTeX 23.4) (preloaded format=pdflatex 2023.4.29)  13 JUN 2023 16:08
entering extended mode
 restricted \write18 enabled.
 file:line:error style messages enabled.
 %&-line parsing enabled.
**c:/Users/bojac/Desktop/BP/vzor-bp/cs/prace.tex
(c:/Users/bojac/Desktop/BP/vzor-bp/cs/prace.tex
LaTeX2e <2022-11-01> patch level 1
L3 programming layer <2023-04-20> (C:\Users\bojac\AppData\Local\Programs\MiKTeX\tex/latex/base\report.cls
Document Class: report 2022/07/02 v1.4n Standard LaTeX document class
(C:\Users\bojac\AppData\Local\Programs\MiKTeX\tex/latex/base\size12.clo
File: size12.clo 2022/07/02 v1.4n Standard LaTeX file (size option)
)
\c@part=\count185
\c@chapter=\count186
\c@section=\count187
\c@subsection=\count188
\c@subsubsection=\count189
\c@paragraph=\count190
\c@subparagraph=\count191
\c@figure=\count192
\c@table=\count193
\abovecaptionskip=\skip48
\belowcaptionskip=\skip49
\bibindent=\dimen140
) (C:\Users\bojac\AppData\Local\Programs\MiKTeX\tex/latex/pdfx\pdfx.sty
Package: pdfx 2019/02/27 v1.6.3 PDF/X and PDF/A support (CVR/HTH/RRM/PS)
\pdfx@minorversion=\count194
 (C:\Users\bojac\AppData\Local\Programs\MiKTeX\tex/generic/iftex\iftex.sty
Package: iftex 2022/02/03 v1.0f TeX engine tests
) (C:\Users\bojac\AppData\Local\Programs\MiKTeX\tex/generic/iftex\ifpdf.sty
Package: ifpdf 2019/10/25 v3.4 ifpdf legacy package. Use iftex instead.
) (C:\Users\bojac\AppData\Local\Programs\MiKTeX\tex/generic/iftex\ifxetex.sty
Package: ifxetex 2019/10/25 v0.7 ifxetex legacy package. Use iftex instead.
) (C:\Users\bojac\AppData\Local\Programs\MiKTeX\tex/latex/everyshi\everyshi.sty
Package: everyshi 2020/11/18 v4.00 EveryShipout Package
) (C:\Users\bojac\AppData\Local\Programs\MiKTeX\tex/generic/iftex\ifluatex.sty
Package: ifluatex 2019/10/25 v1.5 ifluatex legacy package. Use iftex instead.
){C:/Users/bojac/AppData/Local/MiKTeX/fonts/map/pdftex/pdftex.map} (C:\Users\bojac\AppData\Local\Programs\MiKTeX\tex/latex/base\inputenc.sty
Package: inputenc 2021/02/14 v1.3d Input encoding file
\inpenc@prehook=\toks16
\inpenc@posthook=\toks17
) (C:\Users\bojac\AppData\Local\Programs\MiKTeX\tex/latex/pdfx\l8u-penc.def
File: l8u-penc.def 2017/06/23 v0.8 Custom LaTeX file, for UTF8 encoded letters and symbols
LaTeX Info: Composite with undeclared \b in encoding L8U on input line 278.
)
\pdfxsafeforxmp@toks=\toks18
 (C:\Users\bojac\AppData\Local\Programs\MiKTeX\tex/latex/xcolor\xcolor.sty
Package: xcolor 2022/06/12 v2.14 LaTeX color extensions (UK)
 (C:\Users\bojac\AppData\Local\Programs\MiKTeX\tex/latex/graphics-cfg\color.cfg
File: color.cfg 2016/01/02 v1.6 sample color configuration
)
Package xcolor Info: Driver file: pdftex.def on input line 227.
 (C:\Users\bojac\AppData\Local\Programs\MiKTeX\tex/latex/graphics-def\pdftex.def
File: pdftex.def 2022/09/22 v1.2b Graphics/color driver for pdftex
) (C:\Users\bojac\AppData\Local\Programs\MiKTeX\tex/latex/graphics\mathcolor.ltx)
Package xcolor Info: Model `cmy' substituted by `cmy0' on input line 1353.
Package xcolor Info: Model `hsb' substituted by `rgb' on input line 1357.
Package xcolor Info: Model `RGB' extended on input line 1369.
Package xcolor Info: Model `HTML' substituted by `rgb' on input line 1371.
Package xcolor Info: Model `Hsb' substituted by `hsb' on input line 1372.
Package xcolor Info: Model `tHsb' substituted by `hsb' on input line 1373.
Package xcolor Info: Model `HSB' substituted by `hsb' on input line 1374.
Package xcolor Info: Model `Gray' substituted by `gray' on input line 1375.
Package xcolor Info: Model `wave' substituted by `hsb' on input line 1376.
)
\pdfx@tmptoks=\toks19
 (C:\Users\bojac\AppData\Local\Programs\MiKTeX\tex/latex/hyperref\hyperref.sty
Package: hyperref 2023-04-22 v7.00x Hypertext links for LaTeX
 (C:\Users\bojac\AppData\Local\Programs\MiKTeX\tex/generic/ltxcmds\ltxcmds.sty
Package: ltxcmds 2020-05-10 v1.25 LaTeX kernel commands for general use (HO)
) (C:\Users\bojac\AppData\Local\Programs\MiKTeX\tex/generic/pdftexcmds\pdftexcmds.sty
Package: pdftexcmds 2020-06-27 v0.33 Utility functions of pdfTeX for LuaTeX (HO)
 (C:\Users\bojac\AppData\Local\Programs\MiKTeX\tex/generic/infwarerr\infwarerr.sty
Package: infwarerr 2019/12/03 v1.5 Providing info/warning/error messages (HO)
)
Package pdftexcmds Info: \pdf@primitive is available.
Package pdftexcmds Info: \pdf@ifprimitive is available.
Package pdftexcmds Info: \pdfdraftmode found.
) (C:\Users\bojac\AppData\Local\Programs\MiKTeX\tex/latex/graphics\keyval.sty
Package: keyval 2022/05/29 v1.15 key=value parser (DPC)
\KV@toks@=\toks20
) (C:\Users\bojac\AppData\Local\Programs\MiKTeX\tex/latex/kvsetkeys\kvsetkeys.sty
Package: kvsetkeys 2022-10-05 v1.19 Key value parser (HO)
) (C:\Users\bojac\AppData\Local\Programs\MiKTeX\tex/generic/kvdefinekeys\kvdefinekeys.sty
Package: kvdefinekeys 2019-12-19 v1.6 Define keys (HO)
) (C:\Users\bojac\AppData\Local\Programs\MiKTeX\tex/generic/pdfescape\pdfescape.sty
Package: pdfescape 2019/12/09 v1.15 Implements pdfTeX's escape features (HO)
) (C:\Users\bojac\AppData\Local\Programs\MiKTeX\tex/latex/hycolor\hycolor.sty
Package: hycolor 2020-01-27 v1.10 Color options for hyperref/bookmark (HO)
) (C:\Users\bojac\AppData\Local\Programs\MiKTeX\tex/latex/letltxmacro\letltxmacro.sty
Package: letltxmacro 2019/12/03 v1.6 Let assignment for LaTeX macros (HO)
) (C:\Users\bojac\AppData\Local\Programs\MiKTeX\tex/latex/auxhook\auxhook.sty
Package: auxhook 2019-12-17 v1.6 Hooks for auxiliary files (HO)
) (C:\Users\bojac\AppData\Local\Programs\MiKTeX\tex/latex/hyperref\nameref.sty
Package: nameref 2022-05-17 v2.50 Cross-referencing by name of section
 (C:\Users\bojac\AppData\Local\Programs\MiKTeX\tex/latex/refcount\refcount.sty
Package: refcount 2019/12/15 v3.6 Data extraction from label references (HO)
) (C:\Users\bojac\AppData\Local\Programs\MiKTeX\tex/generic/gettitlestring\gettitlestring.sty
Package: gettitlestring 2019/12/15 v1.6 Cleanup title references (HO)
 (C:\Users\bojac\AppData\Local\Programs\MiKTeX\tex/latex/kvoptions\kvoptions.sty
Package: kvoptions 2022-06-15 v3.15 Key value format for package options (HO)
))
\c@section@level=\count195
) (C:\Users\bojac\AppData\Local\Programs\MiKTeX\tex/latex/etoolbox\etoolbox.sty
Package: etoolbox 2020/10/05 v2.5k e-TeX tools for LaTeX (JAW)
\etb@tempcnta=\count196
)
\@linkdim=\dimen141
\Hy@linkcounter=\count197
\Hy@pagecounter=\count198
 (C:\Users\bojac\AppData\Local\Programs\MiKTeX\tex/latex/hyperref\pd1enc.def
File: pd1enc.def 2023-04-22 v7.00x Hyperref: PDFDocEncoding definition (HO)
) (C:\Users\bojac\AppData\Local\Programs\MiKTeX\tex/generic/intcalc\intcalc.sty
Package: intcalc 2019/12/15 v1.3 Expandable calculations with integers (HO)
)
\Hy@SavedSpaceFactor=\count199
 (C:\Users\bojac\AppData\Local\Programs\MiKTeX\tex/latex/hyperref\puenc.def
File: puenc.def 2023-04-22 v7.00x Hyperref: PDF Unicode definition (HO)
)
Package hyperref Info: Option `pdfa' set `true' on input line 4065.
Package hyperref Info: Hyper figures OFF on input line 4182.
Package hyperref Info: Link nesting OFF on input line 4187.
Package hyperref Info: Hyper index ON on input line 4190.
Package hyperref Info: Plain pages OFF on input line 4197.
Package hyperref Info: Backreferencing OFF on input line 4202.
Package hyperref Info: Implicit mode ON; LaTeX internals redefined.
Package hyperref Info: Bookmarks ON on input line 4449.
\c@Hy@tempcnt=\count266
 (C:\Users\bojac\AppData\Local\Programs\MiKTeX\tex/latex/url\url.sty
\Urlmuskip=\muskip16
Package: url 2013/09/16  ver 3.4  Verb mode for urls, etc.
)
LaTeX Info: Redefining \url on input line 4787.
\XeTeXLinkMargin=\dimen142
 (C:\Users\bojac\AppData\Local\Programs\MiKTeX\tex/generic/bitset\bitset.sty
Package: bitset 2019/12/09 v1.3 Handle bit-vector datatype (HO)
 (C:\Users\bojac\AppData\Local\Programs\MiKTeX\tex/generic/bigintcalc\bigintcalc.sty
Package: bigintcalc 2019/12/15 v1.5 Expandable calculations on big integers (HO)
))
\Fld@menulength=\count267
\Field@Width=\dimen143
\Fld@charsize=\dimen144
Package hyperref Info: Hyper figures OFF on input line 6066.
Package hyperref Info: Link nesting OFF on input line 6071.
Package hyperref Info: Hyper index ON on input line 6074.
Package hyperref Info: backreferencing OFF on input line 6081.
Package hyperref Info: Link coloring OFF on input line 6086.
Package hyperref Info: Link coloring with OCG OFF on input line 6091.
Package hyperref Info: PDF/A mode ON on input line 6094.
 (C:\Users\bojac\AppData\Local\Programs\MiKTeX\tex/latex/base\atbegshi-ltx.sty
Package: atbegshi-ltx 2021/01/10 v1.0c Emulation of the original atbegshi
package with kernel methods
)
\Hy@abspage=\count268
\c@Item=\count269
\c@Hfootnote=\count270
)
Package hyperref Info: Driver: hpdftex.
 (C:\Users\bojac\AppData\Local\Programs\MiKTeX\tex/latex/hyperref\hpdftex.def
File: hpdftex.def 2023-04-22 v7.00x Hyperref driver for pdfTeX
 (C:\Users\bojac\AppData\Local\Programs\MiKTeX\tex/latex/base\atveryend-ltx.sty
Package: atveryend-ltx 2020/08/19 v1.0a Emulation of the original atveryend package
with kernel methods
)
\Fld@listcount=\count271
\c@bookmark@seq@number=\count272
 (C:\Users\bojac\AppData\Local\Programs\MiKTeX\tex/latex/rerunfilecheck\rerunfilecheck.sty
Package: rerunfilecheck 2022-07-10 v1.10 Rerun checks for auxiliary files (HO)
 (C:\Users\bojac\AppData\Local\Programs\MiKTeX\tex/generic/uniquecounter\uniquecounter.sty
Package: uniquecounter 2019/12/15 v1.4 Provide unlimited unique counter (HO)
)
Package uniquecounter Info: New unique counter `rerunfilecheck' on input line 285.
)
\Hy@SectionHShift=\skip50
)
Package hyperref Info: Option `unicode' set `true' on input line 1463.
 (C:\Users\bojac\AppData\Local\Programs\MiKTeX\tex/generic/stringenc\stringenc.sty
Package: stringenc 2019/11/29 v1.12 Convert strings between diff. encodings (HO)
)
Package hyperref Info: Option `psdextra' set `true' on input line 1465.
 (C:\Users\bojac\AppData\Local\Programs\MiKTeX\tex/latex/hyperref\puenc-greekbasic.def
File: puenc-greekbasic.def 2023-04-22 v7.00x Hyperref: PDF Unicode definition (greek block) (HO)
) (C:\Users\bojac\AppData\Local\Programs\MiKTeX\tex/latex/hyperref\psdextra.def
File: psdextra.def 2023-04-22 v7.00x Hyperref: Additions to PDF string support
) (C:\Users\bojac\AppData\Local\Programs\MiKTeX\tex/generic/colorprofiles\colorprofiles.sty
Package: colorprofiles 2018/11/01 v1.0.1 color profiles for PDF/X and PDF/A support
 (C:\Users\bojac\AppData\Local\Programs\MiKTeX\tex/generic/colorprofiles\colorprofiles.tex)) (C:\Users\bojac\AppData\Local\Programs\MiKTeX\tex/generic/stringenc\se-pdfdoc.def
File: se-pdfdoc.def 2019/11/29 v1.12 stringenc: PDFDocEncoding
) (C:\Users\bojac\AppData\Local\Programs\MiKTeX\tex/latex/pdfx\AdobeColorProfiles.tex) (C:\Users\bojac\AppData\Local\Programs\MiKTeX\tex/latex/pdfx\8bit.def
File: 8bit.def 2008/03/30 v1.1d Input encoding file
)
** pdfx: Metadata file prace.xmpdata read successfully.
(prace.xmpdata)<<sRGB.icc>> (C:\Users\bojac\AppData\Local\Programs\MiKTeX\tex/latex/pdfx\8bit.def
File: 8bit.def 2008/03/30 v1.1d Input encoding file
) (C:\Users\bojac\AppData\Local\Programs\MiKTeX\tex/latex/pdfx\8bit.def
File: 8bit.def 2008/03/30 v1.1d Input encoding file
) (C:\Users\bojac\AppData\Local\Programs\MiKTeX\tex/generic/stringenc\se-utf8.def
File: se-utf8.def 2019/11/29 v1.12 stringenc: UTF-8
) (C:\Users\bojac\AppData\Local\Programs\MiKTeX\tex/latex/pdfx\8bit.def
File: 8bit.def 2008/03/30 v1.1d Input encoding file
)
Package hyperref Info: Option `unicode' set `true' on input line 2411.
Package hyperref Info: Option `unicode' set `true' on input line 2412.
 (C:\Users\bojac\AppData\Local\Programs\MiKTeX\tex/latex/pdfx\8bit.def
File: 8bit.def 2008/03/30 v1.1d Input encoding file
) (C:\Users\bojac\AppData\Local\Programs\MiKTeX\tex/generic/pdftex\glyphtounicode.tex) (C:\Users\bojac\AppData\Local\Programs\MiKTeX\tex/latex/pdfx\glyphtounicode-cmr.tex) (C:\Users\bojac\AppData\Local\Programs\MiKTeX\tex/latex/pdfx\glyphtounicode-ntx.tex) (C:\Users\bojac\AppData\Local\Programs\MiKTeX\tex/latex/base\ifthen.sty
Package: ifthen 2022/04/13 v1.1d Standard LaTeX ifthen package (DPC)
) (C:\Users\bojac\AppData\Local\Programs\MiKTeX\tex/latex/xmpincl\xmpincl.sty
Package: xmpincl 2021/09/22 v2.4 Include XMP data in pdflatex
) (C:\Users\bojac\AppData\Local\Programs\MiKTeX\tex/latex/pdfx\8bit.def
File: 8bit.def 2008/03/30 v1.1d Input encoding file
)
Using XMP template file: pdfa.xmp
\xmpinclWrite=\write3
\xmpinclRead=\read2
\openout3 = `pdfa.xmpi'.

<<pdfa.xmpi>>) (C:\Users\bojac\AppData\Local\Programs\MiKTeX\tex/generic/babel\babel.sty
Package: babel 2023/04/18 3.88 The Babel package
\babel@savecnt=\count273
\U@D=\dimen145
\l@unhyphenated=\language79
 (C:\Users\bojac\AppData\Local\Programs\MiKTeX\tex/generic/babel\txtbabel.def)
\bbl@readstream=\read3
\bbl@dirlevel=\count274

*************************************
* Local config file bblopts.cfg used
*
(C:\Users\bojac\AppData\Local\Programs\MiKTeX\tex/latex/arabi\bblopts.cfg
File: bblopts.cfg 2005/09/08 v0.1 add Arabic and Farsi to "declared" options of babel
) (C:\Users\bojac\AppData\Local\Programs\MiKTeX\tex/latex/babel-czech\czech.ldf
Language: czech 2008/07/06 v3.1a Czech support from the babel system
Package babel Info: Making " an active character on input line 172.
\cs@wordlen=\count275
Package babel Info: Making - an active character on input line 226.
)) (C:\Users\bojac\AppData\Local\Programs\MiKTeX\tex/generic/babel/locale/cs\babel-czech.tex
Package babel Info: Importing font and identification data for czech
(babel)             from babel-cs.ini. Reported on input line 11.
) (C:\Users\bojac\AppData\Local\Programs\MiKTeX\tex/latex/lm\lmodern.sty
Package: lmodern 2015/05/01 v1.6.1 Latin Modern Fonts
LaTeX Font Info:    Overwriting symbol font `operators' in version `normal'
(Font)                  OT1/cmr/m/n --> OT1/lmr/m/n on input line 22.
LaTeX Font Info:    Overwriting symbol font `letters' in version `normal'
(Font)                  OML/cmm/m/it --> OML/lmm/m/it on input line 23.
LaTeX Font Info:    Overwriting symbol font `symbols' in version `normal'
(Font)                  OMS/cmsy/m/n --> OMS/lmsy/m/n on input line 24.
LaTeX Font Info:    Overwriting symbol font `largesymbols' in version `normal'
(Font)                  OMX/cmex/m/n --> OMX/lmex/m/n on input line 25.
LaTeX Font Info:    Overwriting symbol font `operators' in version `bold'
(Font)                  OT1/cmr/bx/n --> OT1/lmr/bx/n on input line 26.
LaTeX Font Info:    Overwriting symbol font `letters' in version `bold'
(Font)                  OML/cmm/b/it --> OML/lmm/b/it on input line 27.
LaTeX Font Info:    Overwriting symbol font `symbols' in version `bold'
(Font)                  OMS/cmsy/b/n --> OMS/lmsy/b/n on input line 28.
LaTeX Font Info:    Overwriting symbol font `largesymbols' in version `bold'
(Font)                  OMX/cmex/m/n --> OMX/lmex/m/n on input line 29.
LaTeX Font Info:    Overwriting math alphabet `\mathbf' in version `normal'
(Font)                  OT1/cmr/bx/n --> OT1/lmr/bx/n on input line 31.
LaTeX Font Info:    Overwriting math alphabet `\mathsf' in version `normal'
(Font)                  OT1/cmss/m/n --> OT1/lmss/m/n on input line 32.
LaTeX Font Info:    Overwriting math alphabet `\mathit' in version `normal'
(Font)                  OT1/cmr/m/it --> OT1/lmr/m/it on input line 33.
LaTeX Font Info:    Overwriting math alphabet `\mathtt' in version `normal'
(Font)                  OT1/cmtt/m/n --> OT1/lmtt/m/n on input line 34.
LaTeX Font Info:    Overwriting math alphabet `\mathbf' in version `bold'
(Font)                  OT1/cmr/bx/n --> OT1/lmr/bx/n on input line 35.
LaTeX Font Info:    Overwriting math alphabet `\mathsf' in version `bold'
(Font)                  OT1/cmss/bx/n --> OT1/lmss/bx/n on input line 36.
LaTeX Font Info:    Overwriting math alphabet `\mathit' in version `bold'
(Font)                  OT1/cmr/bx/it --> OT1/lmr/bx/it on input line 37.
LaTeX Font Info:    Overwriting math alphabet `\mathtt' in version `bold'
(Font)                  OT1/cmtt/m/n --> OT1/lmtt/m/n on input line 38.
) (C:\Users\bojac\AppData\Local\Programs\MiKTeX\tex/latex/base\fontenc.sty
Package: fontenc 2021/04/29 v2.0v Standard LaTeX package
LaTeX Font Info:    Trying to load font information for T1+lmr on input line 112.
 (C:\Users\bojac\AppData\Local\Programs\MiKTeX\tex/latex/lm\t1lmr.fd
File: t1lmr.fd 2015/05/01 v1.6.1 Font defs for Latin Modern
)) (C:\Users\bojac\AppData\Local\Programs\MiKTeX\tex/latex/base\textcomp.sty
Package: textcomp 2020/02/02 v2.0n Standard LaTeX package
) (C:\Users\bojac\AppData\Local\Programs\MiKTeX\tex/latex/base\inputenc.sty
Package: inputenc 2021/02/14 v1.3d Input encoding file
) (C:\Users\bojac\AppData\Local\Programs\MiKTeX\tex/latex/amsmath\amsmath.sty
Package: amsmath 2022/04/08 v2.17n AMS math features
\@mathmargin=\skip51

For additional information on amsmath, use the `?' option.
(C:\Users\bojac\AppData\Local\Programs\MiKTeX\tex/latex/amsmath\amstext.sty
Package: amstext 2021/08/26 v2.01 AMS text
 (C:\Users\bojac\AppData\Local\Programs\MiKTeX\tex/latex/amsmath\amsgen.sty
File: amsgen.sty 1999/11/30 v2.0 generic functions
\@emptytoks=\toks21
\ex@=\dimen146
)) (C:\Users\bojac\AppData\Local\Programs\MiKTeX\tex/latex/amsmath\amsbsy.sty
Package: amsbsy 1999/11/29 v1.2d Bold Symbols
\pmbraise@=\dimen147
) (C:\Users\bojac\AppData\Local\Programs\MiKTeX\tex/latex/amsmath\amsopn.sty
Package: amsopn 2022/04/08 v2.04 operator names
)
\inf@bad=\count276
LaTeX Info: Redefining \frac on input line 234.
\uproot@=\count277
\leftroot@=\count278
LaTeX Info: Redefining \overline on input line 399.
LaTeX Info: Redefining \colon on input line 410.
\classnum@=\count279
\DOTSCASE@=\count280
LaTeX Info: Redefining \ldots on input line 496.
LaTeX Info: Redefining \dots on input line 499.
LaTeX Info: Redefining \cdots on input line 620.
\Mathstrutbox@=\box51
\strutbox@=\box52
LaTeX Info: Redefining \big on input line 722.
LaTeX Info: Redefining \Big on input line 723.
LaTeX Info: Redefining \bigg on input line 724.
LaTeX Info: Redefining \Bigg on input line 725.
\big@size=\dimen148
LaTeX Font Info:    Redeclaring font encoding OML on input line 743.
LaTeX Font Info:    Redeclaring font encoding OMS on input line 744.
\macc@depth=\count281
LaTeX Info: Redefining \bmod on input line 905.
LaTeX Info: Redefining \pmod on input line 910.
LaTeX Info: Redefining \smash on input line 940.
LaTeX Info: Redefining \relbar on input line 970.
LaTeX Info: Redefining \Relbar on input line 971.
\c@MaxMatrixCols=\count282
\dotsspace@=\muskip17
\c@parentequation=\count283
\dspbrk@lvl=\count284
\tag@help=\toks22
\row@=\count285
\column@=\count286
\maxfields@=\count287
\andhelp@=\toks23
\eqnshift@=\dimen149
\alignsep@=\dimen150
\tagshift@=\dimen151
\tagwidth@=\dimen152
\totwidth@=\dimen153
\lineht@=\dimen154
\@envbody=\toks24
\multlinegap=\skip52
\multlinetaggap=\skip53
\mathdisplay@stack=\toks25
LaTeX Info: Redefining \[ on input line 2953.
LaTeX Info: Redefining \] on input line 2954.
) (C:\Users\bojac\AppData\Local\Programs\MiKTeX\tex/latex/amsfonts\amsfonts.sty
Package: amsfonts 2013/01/14 v3.01 Basic AMSFonts support
\symAMSa=\mathgroup4
\symAMSb=\mathgroup5
LaTeX Font Info:    Redeclaring math symbol \hbar on input line 98.
LaTeX Font Info:    Overwriting math alphabet `\mathfrak' in version `bold'
(Font)                  U/euf/m/n --> U/euf/b/n on input line 106.
) (C:\Users\bojac\AppData\Local\Programs\MiKTeX\tex/latex/amscls\amsthm.sty
Package: amsthm 2020/05/29 v2.20.6
\thm@style=\toks26
\thm@bodyfont=\toks27
\thm@headfont=\toks28
\thm@notefont=\toks29
\thm@headpunct=\toks30
\thm@preskip=\skip54
\thm@postskip=\skip55
\thm@headsep=\skip56
\dth@everypar=\toks31
) (C:\Users\bojac\AppData\Local\Programs\MiKTeX\tex/latex/bbding\bbding.sty
Package: bbding 1999/04/15 v1.01 Dingbats symbols
) (C:\Users\bojac\AppData\Local\Programs\MiKTeX\tex/latex/tools\bm.sty
Package: bm 2022/01/05 v1.2f Bold Symbol Support (DPC/FMi)
\symboldoperators=\mathgroup6
\symboldletters=\mathgroup7
\symboldsymbols=\mathgroup8
Package bm Info: No bold for \OMX/lmex/m/n, using \pmb.
Package bm Info: No bold for \U/msa/m/n, using \pmb.
Package bm Info: No bold for \U/msb/m/n, using \pmb.
LaTeX Font Info:    Redeclaring math alphabet \mathbf on input line 149.
) (C:\Users\bojac\AppData\Local\Programs\MiKTeX\tex/latex/graphics\graphicx.sty
Package: graphicx 2021/09/16 v1.2d Enhanced LaTeX Graphics (DPC,SPQR)
 (C:\Users\bojac\AppData\Local\Programs\MiKTeX\tex/latex/graphics\graphics.sty
Package: graphics 2022/03/10 v1.4e Standard LaTeX Graphics (DPC,SPQR)
 (C:\Users\bojac\AppData\Local\Programs\MiKTeX\tex/latex/graphics\trig.sty
Package: trig 2021/08/11 v1.11 sin cos tan (DPC)
) (C:\Users\bojac\AppData\Local\Programs\MiKTeX\tex/latex/graphics-cfg\graphics.cfg
File: graphics.cfg 2016/06/04 v1.11 sample graphics configuration
)
Package graphics Info: Driver file: pdftex.def on input line 107.
)
\Gin@req@height=\dimen155
\Gin@req@width=\dimen156
) (C:\Users\bojac\AppData\Local\Programs\MiKTeX\tex/latex/fancyvrb\fancyvrb.sty
Package: fancyvrb 2023/01/19 4.5a verbatim text (tvz,hv)
\FV@CodeLineNo=\count288
\FV@InFile=\read4
\FV@TabBox=\box53
\c@FancyVerbLine=\count289
\FV@StepNumber=\count290
\FV@OutFile=\write4
) (C:\Users\bojac\AppData\Local\Programs\MiKTeX\tex/latex/tools\indentfirst.sty
Package: indentfirst 1995/11/23 v1.03 Indent first paragraph (DPC)
) (C:\Users\bojac\AppData\Local\Programs\MiKTeX\tex/latex/natbib\natbib.sty
Package: natbib 2010/09/13 8.31b (PWD, AO)
\bibhang=\skip57
\bibsep=\skip58
LaTeX Info: Redefining \cite on input line 694.
\c@NAT@ctr=\count291
) (C:\Users\bojac\AppData\Local\Programs\MiKTeX\tex/latex/tocbibind\tocbibind.sty
Package: tocbibind 2010/10/13 v1.5k extra ToC listings
Package tocbibind Info: The document has chapter divisions on input line 50.


Package tocbibind Note: Using chapter style headings, unless overridden.

) (C:\Users\bojac\AppData\Local\Programs\MiKTeX\tex/latex/was\icomma.sty
Package: icomma 2002/03/10 v2.0 (WaS)
) (C:\Users\bojac\AppData\Local\Programs\MiKTeX\tex/latex/tools\dcolumn.sty
Package: dcolumn 2014/10/28 v1.06 decimal alignment package (DPC)
 (C:\Users\bojac\AppData\Local\Programs\MiKTeX\tex/latex/tools\array.sty
Package: array 2022/09/04 v2.5g Tabular extension package (FMi)
\col@sep=\dimen157
\ar@mcellbox=\box54
\extrarowheight=\dimen158
\NC@list=\toks32
\extratabsurround=\skip59
\backup@length=\skip60
\ar@cellbox=\box55
)) (C:\Users\bojac\AppData\Local\Programs\MiKTeX\tex/latex/booktabs\booktabs.sty
Package: booktabs 2020/01/12 v1.61803398 Publication quality tables
\heavyrulewidth=\dimen159
\lightrulewidth=\dimen160
\cmidrulewidth=\dimen161
\belowrulesep=\dimen162
\belowbottomsep=\dimen163
\aboverulesep=\dimen164
\abovetopsep=\dimen165
\cmidrulesep=\dimen166
\cmidrulekern=\dimen167
\defaultaddspace=\dimen168
\@cmidla=\count292
\@cmidlb=\count293
\@aboverulesep=\dimen169
\@belowrulesep=\dimen170
\@thisruleclass=\count294
\@lastruleclass=\count295
\@thisrulewidth=\dimen171
) (C:\Users\bojac\AppData\Local\Programs\MiKTeX\tex/latex/paralist\paralist.sty
Package: paralist 2017/01/22 v2.7 Extended list environments
\pltopsep=\skip61
\plpartopsep=\skip62
\plitemsep=\skip63
\plparsep=\skip64
\pl@lab=\toks33
)
Package hyperref Info: Option `unicode' set `true' on input line 119.
Package hyperref Info: Option `breaklinks' set `true' on input line 120.


LaTeX Warning: \include should only be used after \begin{document} on input line 123.

(makra.tex
\c@veta=\count296
\c@definice=\count297
) (C:\Users\bojac\AppData\Local\Programs\MiKTeX\tex/latex/l3backend\l3backend-pdftex.def
File: l3backend-pdftex.def 2023-04-19 L3 backend support: PDF output (pdfTeX)
\l__color_backend_stack_int=\count298
\l__pdf_internal_box=\box56
) (prace.aux (titulka.aux) (uvod.aux) (kap01.aux) (kap02.aux) (kap03.aux) (kap04.aux) (zaver.aux) (literatura.aux))
\openout1 = `prace.aux'.

LaTeX Font Info:    Checking defaults for OML/cmm/m/it on input line 126.
LaTeX Font Info:    ... okay on input line 126.
LaTeX Font Info:    Checking defaults for OMS/cmsy/m/n on input line 126.
LaTeX Font Info:    ... okay on input line 126.
LaTeX Font Info:    Checking defaults for OT1/cmr/m/n on input line 126.
LaTeX Font Info:    ... okay on input line 126.
LaTeX Font Info:    Checking defaults for T1/cmr/m/n on input line 126.
LaTeX Font Info:    ... okay on input line 126.
LaTeX Font Info:    Checking defaults for TS1/cmr/m/n on input line 126.
LaTeX Font Info:    ... okay on input line 126.
LaTeX Font Info:    Checking defaults for OMX/cmex/m/n on input line 126.
LaTeX Font Info:    ... okay on input line 126.
LaTeX Font Info:    Checking defaults for U/cmr/m/n on input line 126.
LaTeX Font Info:    ... okay on input line 126.
LaTeX Font Info:    Checking defaults for PD1/pdf/m/n on input line 126.
LaTeX Font Info:    ... okay on input line 126.
LaTeX Font Info:    Checking defaults for PU/pdf/m/n on input line 126.
LaTeX Font Info:    ... okay on input line 126.
 (C:\Users\bojac\AppData\Local\Programs\MiKTeX\tex/context/base/mkii\supp-pdf.mkii
[Loading MPS to PDF converter (version 2006.09.02).]
\scratchcounter=\count299
\scratchdimen=\dimen172
\scratchbox=\box57
\nofMPsegments=\count300
\nofMParguments=\count301
\everyMPshowfont=\toks34
\MPscratchCnt=\count302
\MPscratchDim=\dimen173
\MPnumerator=\count303
\makeMPintoPDFobject=\count304
\everyMPtoPDFconversion=\toks35
) (C:\Users\bojac\AppData\Local\Programs\MiKTeX\tex/latex/epstopdf-pkg\epstopdf-base.sty
Package: epstopdf-base 2020-01-24 v2.11 Base part for package epstopdf
Package epstopdf-base Info: Redefining graphics rule for `.eps' on input line 485.
 (C:\Users\bojac\AppData\Local\Programs\MiKTeX\tex/latex/00miktex\epstopdf-sys.cfg
File: epstopdf-sys.cfg 2021/03/18 v2.0 Configuration of epstopdf for MiKTeX
))
Package hyperref Info: Link coloring OFF on input line 126.
 (prace.out) (prace.out)
\@outlinefile=\write5
\openout5 = `prace.out'.

\openout2 = `titulka.aux'.

 (titulka.tex
Package hyperref Info: Option `pageanchor' set `false' on input line 6.
<../img/logo-cs.pdf, id=346, 506.4591pt x 156.49065pt>
File: ../img/logo-cs.pdf Graphic file (type pdf)
<use ../img/logo-cs.pdf>
Package pdftex.def Info: ../img/logo-cs.pdf  used on input line 10.
(pdftex.def)             Requested size: 472.31573pt x 145.9455pt.
 [1


{C:/Users/bojac/AppData/Local/Programs/MiKTeX/fonts/enc/dvips/lm/lm-ec.enc} <../img/logo-cs.pdf>]
Package hyperref Info: Option `pageanchor' set `true' on input line 55.
 [1

] [2

] [3

]) (prace.toc
LaTeX Font Info:    Trying to load font information for OT1+lmr on input line 4.
 (C:\Users\bojac\AppData\Local\Programs\MiKTeX\tex/latex/lm\ot1lmr.fd
File: ot1lmr.fd 2015/05/01 v1.6.1 Font defs for Latin Modern
)
LaTeX Font Info:    Trying to load font information for OML+lmm on input line 4.
 (C:\Users\bojac\AppData\Local\Programs\MiKTeX\tex/latex/lm\omllmm.fd
File: omllmm.fd 2015/05/01 v1.6.1 Font defs for Latin Modern
)
LaTeX Font Info:    Trying to load font information for OMS+lmsy on input line 4.
 (C:\Users\bojac\AppData\Local\Programs\MiKTeX\tex/latex/lm\omslmsy.fd
File: omslmsy.fd 2015/05/01 v1.6.1 Font defs for Latin Modern
)
LaTeX Font Info:    Trying to load font information for OMX+lmex on input line 4.
 (C:\Users\bojac\AppData\Local\Programs\MiKTeX\tex/latex/lm\omxlmex.fd
File: omxlmex.fd 2015/05/01 v1.6.1 Font defs for Latin Modern
)
LaTeX Font Info:    External font `lmex10' loaded for size
(Font)              <12> on input line 4.
LaTeX Font Info:    External font `lmex10' loaded for size
(Font)              <8> on input line 4.
LaTeX Font Info:    External font `lmex10' loaded for size
(Font)              <6> on input line 4.
LaTeX Font Info:    Trying to load font information for U+msa on input line 4.
 (C:\Users\bojac\AppData\Local\Programs\MiKTeX\tex/latex/amsfonts\umsa.fd
File: umsa.fd 2013/01/14 v3.01 AMS symbols A
)
LaTeX Font Info:    Trying to load font information for U+msb on input line 4.
 (C:\Users\bojac\AppData\Local\Programs\MiKTeX\tex/latex/amsfonts\umsb.fd
File: umsb.fd 2013/01/14 v3.01 AMS symbols B
) [1




] [2])
\tf@toc=\write6
\openout6 = `prace.toc'.

 [3]
\openout2 = `uvod.aux'.

 (uvod.tex
LaTeX Font Info:    Trying to load font information for TS1+lmr on input line 10.
 (C:\Users\bojac\AppData\Local\Programs\MiKTeX\tex/latex/lm\ts1lmr.fd
File: ts1lmr.fd 2015/05/01 v1.6.1 Font defs for Latin Modern
) [4


{C:/Users/bojac/AppData/Local/Programs/MiKTeX/fonts/enc/dvips/lm/lm-ts1.enc}]) [5]
\openout2 = `kap01.aux'.

 (kap01.tex
Kapitola 1.
[6




]
LaTeX Font Info:    Trying to load font information for T1+lmtt on input line 62.
 (C:\Users\bojac\AppData\Local\Programs\MiKTeX\tex/latex/lm\t1lmtt.fd
File: t1lmtt.fd 2015/05/01 v1.6.1 Font defs for Latin Modern
) [7] [8] [9] [10] [11] [12] [13] [14] [15] [16]
Kapitola 2.
[17

] [18]
Overfull \hbox (5.60425pt too wide) in paragraph at lines 438--439
[]\T1/lmr/m/n/12 https://sites.google.com/a/pressatgoogle.com/google-maps-for-iphone/google-|
 []

[19]) [20]
\openout2 = `kap02.aux'.

 (kap02.tex
Kapitola 3.
[21




] [22] [23]
<../img/ukazka-wikidata.png, id=689, 639.13782pt x 701.62125pt>
File: ../img/ukazka-wikidata.png Graphic file (type png)
<use ../img/ukazka-wikidata.png>
Package pdftex.def Info: ../img/ukazka-wikidata.png  used on input line 198.
(pdftex.def)             Requested size: 398.33862pt x 455.25616pt.
 [24] [25 <../img/ukazka-wikidata.png>]
Overfull \hbox (47.8232pt too wide) in paragraph at lines 225--229
\T1/lmr/m/n/12 te-ral. Zo-berme si "Zem"(Q2) , ktorá je ulo-ºená ako <http://www.wikidata.org/entity/Q2>.|
 []

[26] [27] [28] [29]
Overfull \hbox (6.17665pt too wide) in paragraph at lines 400--404
\T1/lmr/m/n/12 vého re-´azca: "Point( <ze-me-pisná ²írky> <ze-me-pisná vý²ka>)^^Peo:wktLiteral|
 []

[30] [31]) [32]
\openout2 = `kap03.aux'.

 (kap03.tex
Kapitola 4.
[33




]
<../img/structurizr-SystemContext.png, id=763, 1421.31pt x 1822.81pt>
File: ../img/structurizr-SystemContext.png Graphic file (type png)
<use ../img/structurizr-SystemContext.png>
Package pdftex.def Info: ../img/structurizr-SystemContext.png  used on input line 44.
(pdftex.def)             Requested size: 398.33858pt x 510.85616pt.
 [34 <../img/structurizr-SystemContext.png>]
<../img/structurizr-Containers.png, id=770, 1760.5775pt x 2730.2pt>
File: ../img/structurizr-Containers.png Graphic file (type png)
<use ../img/structurizr-Containers.png>
Package pdftex.def Info: ../img/structurizr-Containers.png  used on input line 60.
(pdftex.def)             Requested size: 398.33858pt x 617.68459pt.


LaTeX Warning: `h' float specifier changed to `ht'.

<../img/structurizr-ServerComponents.png, id=771, 3272.225pt x 2480.26625pt>
File: ../img/structurizr-ServerComponents.png Graphic file (type png)
<use ../img/structurizr-ServerComponents.png>
Package pdftex.def Info: ../img/structurizr-ServerComponents.png  used on input line 82.
(pdftex.def)             Requested size: 398.33858pt x 301.93353pt.

LaTeX Warning: `h' float specifier changed to `ht'.

[35]
<../img/structurizr-SinglePageAplicationComponents.png, id=776, 5066.93pt x 4416.5pt>
File: ../img/structurizr-SinglePageAplicationComponents.png Graphic file (type png)
<use ../img/structurizr-SinglePageAplicationComponents.png>
Package pdftex.def Info: ../img/structurizr-SinglePageAplicationComponents.png  used on input line 111.
(pdftex.def)             Requested size: 398.33858pt x 347.1947pt.


LaTeX Warning: `h' float specifier changed to `ht'.

[36] [37]) [38] [39 <../img/structurizr-Containers.png>] [40 <../img/structurizr-ServerComponents.png>] [41 <../img/structurizr-SinglePageAplicationComponents.png>]
\openout2 = `kap04.aux'.

 (kap04.tex
Kapitola 5.
[42




] [43] [44] [45] [46] [47] [48] [49] [50] [51] [52] [53] [54] [55] [56] [57]
Overfull \hbox (13.14833pt too wide) in paragraph at lines 714--715
[]\T1/lmr/m/n/12 Dotaz pre zís-ka-nie po-vo-le-ných jed-no-tiek pre vlast-nos´ "nad-mor-ská vý²ka"(P2044)|
 []


Overfull \hbox (2.51215pt too wide) in paragraph at lines 744--748
[]\T1/lmr/m/n/12 "value-type con-stra-int"(Q21510865) - ob-sa-huje zoznam tried a vz´a-hov, ktoré|
 []

[58] [59] [60] [61] [62] [63] [64] [65]
Overfull \hbox (0.89093pt too wide) in paragraph at lines 1055--1057
[]\T1/lmr/m/n/12 V po-da-d-re-sári API ná-jdeme sú-bory World-Collecti-o-nAPI.py a Wi-ki-da-ta-API.py|
 []

[66] [67] [68] [69] [70] [71] [72] [73] [74]
Overfull \hbox (8.08632pt too wide) in paragraph at lines 1399--1400
[]\T1/lmr/m/n/12 /search/collectibles - vy-h©adá mno-ºinu ma-po-vých ob-jek-tov spl-¬uj-úcich v²etky|
 []

[75] [76]
Overfull \hbox (12.06155pt too wide) in paragraph at lines 1471--1472
[]\T1/lmr/m/n/12 /update/collectible_icon - ak-tu-a-li-zuje dáta re-pre-zen-tuje ná-zov ob-rázka ikonky|
 []

[77] [78] [79] [80] [81] [82] [83] [84] [85] [86] [87]
Overfull \hbox (14.28395pt too wide) in paragraph at lines 1901--1904
\T1/lmr/m/n/12 nenty Collecti-on-sE-di-tingTable, ktorú ná-jdeme v ad-re-sári src/Tables/EditationTable.|
 []

[88] [89] [90]
Kapitola 6.
<../img/ud-prazdna_mapa.png, id=1072, 1445.4pt x 792.71156pt>
File: ../img/ud-prazdna_mapa.png Graphic file (type png)
<use ../img/ud-prazdna_mapa.png>
Package pdftex.def Info: ../img/ud-prazdna_mapa.png  used on input line 1988.
(pdftex.def)             Requested size: 398.33858pt x 218.46204pt.

LaTeX Warning: `h' float specifier changed to `ht'.

[91

]
<../img/ud-mapa-s-bodmy.png, id=1077, 1445.4pt x 792.71156pt>
File: ../img/ud-mapa-s-bodmy.png Graphic file (type png)
<use ../img/ud-mapa-s-bodmy.png>
Package pdftex.def Info: ../img/ud-mapa-s-bodmy.png  used on input line 2008.
(pdftex.def)             Requested size: 398.33858pt x 218.46204pt.
<../img/ud-obdznik_obrazok.png, id=1078, 1445.4pt x 793.46437pt>
File: ../img/ud-obdznik_obrazok.png Graphic file (type png)
<use ../img/ud-obdznik_obrazok.png>
Package pdftex.def Info: ../img/ud-obdznik_obrazok.png  used on input line 2017.
(pdftex.def)             Requested size: 398.33858pt x 218.6695pt.
 [92 <../img/ud-prazdna_mapa.png> <../img/ud-mapa-s-bodmy.png>] [93 <../img/ud-obdznik_obrazok.png>]
<../img/ud-obdznik-1.png, id=1093, 942.52126pt x 477.28313pt>
File: ../img/ud-obdznik-1.png Graphic file (type png)
<use ../img/ud-obdznik-1.png>
Package pdftex.def Info: ../img/ud-obdznik-1.png  used on input line 2046.
(pdftex.def)             Requested size: 398.33858pt x 201.71745pt.
<../img/ud-obdznik-2.png, id=1094, 892.83563pt x 481.04718pt>
File: ../img/ud-obdznik-2.png Graphic file (type png)
<use ../img/ud-obdznik-2.png>
Package pdftex.def Info: ../img/ud-obdznik-2.png  used on input line 2052.
(pdftex.def)             Requested size: 398.33858pt x 214.6195pt.


LaTeX Warning: `h' float specifier changed to `ht'.

<../img/ud-kategoria.png, id=1095, 1445.4pt x 580.41844pt>
File: ../img/ud-kategoria.png Graphic file (type png)
<use ../img/ud-kategoria.png>
Package pdftex.def Info: ../img/ud-kategoria.png  used on input line 2073.
(pdftex.def)             Requested size: 398.33858pt x 159.95653pt.
[94 <../img/ud-obdznik-1.png>]

LaTeX Warning: `h' float specifier changed to `ht'.

<../img/ud-vyber-oblasti.png, id=1101, 1445.4pt x 684.30656pt>
File: ../img/ud-vyber-oblasti.png Graphic file (type png)
<use ../img/ud-vyber-oblasti.png>
Package pdftex.def Info: ../img/ud-vyber-oblasti.png  used on input line 2081.
(pdftex.def)             Requested size: 398.33858pt x 188.58688pt.

LaTeX Warning: `h' float specifier changed to `ht'.

<../img/ud-radius.png, id=1102, 1445.4pt x 795.72281pt>
File: ../img/ud-radius.png Graphic file (type png)
<use ../img/ud-radius.png>
Package pdftex.def Info: ../img/ud-radius.png  used on input line 2092.
(pdftex.def)             Requested size: 398.33858pt x 219.2919pt.
[95 <../img/ud-obdznik-2.png>]

LaTeX Warning: `h' float specifier changed to `ht'.


Overfull \hbox (3.1213pt too wide) in paragraph at lines 2096--2099
[]\T1/lmr/m/n/12 Administratívne úze-mie - zob-razí vy-h©a-dá-va-cie pole, ktoré vy-h©a-dáva sú£asne|
 []

[96 <../img/ud-kategoria.png> <../img/ud-vyber-oblasti.png>]
<../img/ud-vyber-filtrov.png, id=1118, 1445.4pt x 791.20593pt>
File: ../img/ud-vyber-filtrov.png Graphic file (type png)
<use ../img/ud-vyber-filtrov.png>
Package pdftex.def Info: ../img/ud-vyber-filtrov.png  used on input line 2112.
(pdftex.def)             Requested size: 398.33858pt x 218.0471pt.


LaTeX Warning: `h' float specifier changed to `ht'.

<../img/ud-item-filter.png, id=1119, 1443.89438pt x 703.87968pt>
File: ../img/ud-item-filter.png Graphic file (type png)
<use ../img/ud-item-filter.png>
Package pdftex.def Info: ../img/ud-item-filter.png  used on input line 2120.
(pdftex.def)             Requested size: 398.33858pt x 194.18507pt.

LaTeX Warning: `h' float specifier changed to `ht'.

<../img/ud-quantity-filter.png, id=1120, 1445.4pt x 612.78937pt>
File: ../img/ud-quantity-filter.png Graphic file (type png)
<use ../img/ud-quantity-filter.png>
Package pdftex.def Info: ../img/ud-quantity-filter.png  used on input line 2128.
(pdftex.def)             Requested size: 398.33858pt x 168.87758pt.

LaTeX Warning: `h' float specifier changed to `ht'.

<../img/ud-time-filter.png, id=1121, 1445.4pt x 588.69937pt>
File: ../img/ud-time-filter.png Graphic file (type png)
<use ../img/ud-time-filter.png>
Package pdftex.def Info: ../img/ud-time-filter.png  used on input line 2137.
(pdftex.def)             Requested size: 398.33858pt x 162.23866pt.
[97 <../img/ud-radius.png>]

LaTeX Warning: `h' float specifier changed to `ht'.

<../img/ud-vysledok.png, id=1128, 1445.4pt x 787.44188pt>
File: ../img/ud-vysledok.png Graphic file (type png)
<use ../img/ud-vysledok.png>
Package pdftex.def Info: ../img/ud-vysledok.png  used on input line 2155.
(pdftex.def)             Requested size: 398.33858pt x 217.00978pt.

LaTeX Warning: `h' float specifier changed to `ht'.

[98 <../img/ud-vyber-filtrov.png>] [99 <../img/ud-item-filter.png> <../img/ud-quantity-filter.png>]
<../img/ud-pridanie.png, id=1145, 1445.4pt x 792.71156pt>
File: ../img/ud-pridanie.png Graphic file (type png)
<use ../img/ud-pridanie.png>
Package pdftex.def Info: ../img/ud-pridanie.png  used on input line 2179.
(pdftex.def)             Requested size: 398.33858pt x 218.46204pt.


LaTeX Warning: `h' float specifier changed to `ht'.

[100 <../img/ud-time-filter.png> <../img/ud-vysledok.png>]
<../img/ud-spravovanie.png, id=1154, 1443.89438pt x 785.18344pt>
File: ../img/ud-spravovanie.png Graphic file (type png)
<use ../img/ud-spravovanie.png>
Package pdftex.def Info: ../img/ud-spravovanie.png  used on input line 2202.
(pdftex.def)             Requested size: 398.33858pt x 216.61502pt.


LaTeX Warning: `h' float specifier changed to `ht'.

[101 <../img/ud-pridanie.png>] [102 <../img/ud-spravovanie.png>]
Kapitola 7.
[103

] [104] [105] [106] [107]
Kapitola 8.
LaTeX Font Info:    Trying to load font information for T1+lmss on input line 2439.
(C:\Users\bojac\AppData\Local\Programs\MiKTeX\tex/latex/lm\t1lmss.fd
File: t1lmss.fd 2015/05/01 v1.6.1 Font defs for Latin Modern
) [108

{C:/Users/bojac/AppData/Local/Programs/MiKTeX/fonts/enc/dvips/lm/lm-rm.enc}{C:/Users/bojac/AppData/Local/Programs/MiKTeX/fonts/enc/dvips/lm/lm-mathit.enc}{C:/Users/bojac/AppData/Local/Programs/MiKTeX/fonts/enc/dvips/lm/lm-mathsy.enc}] [109{C:/Users/bojac/AppData/Local/Programs/MiKTeX/fonts/enc/dvips/lm/lm-mathex.enc}]
LaTeX Font Info:    Font shape `T1/lmss/m/it' in size <12> not available
(Font)              Font shape `T1/lmss/m/sl' tried instead on input line 2561.
 [110] [111]
Kapitola 9.
LaTeX Font Info:    External font `lmex10' loaded for size
(Font)              <10> on input line 2643.
LaTeX Font Info:    External font `lmex10' loaded for size
(Font)              <7> on input line 2643.
[112

] [113]
<../img/ukazka-obr01.pdf, id=1279, 433.62pt x 433.62pt>
File: ../img/ukazka-obr01.pdf Graphic file (type pdf)
<use ../img/ukazka-obr01.pdf>
Package pdftex.def Info: ../img/ukazka-obr01.pdf  used on input line 2747.
(pdftex.def)             Requested size: 398.3596pt x 398.3596pt.
<../img/ukazka-obr02.pdf, id=1280, 433.62pt x 433.62pt>
File: ../img/ukazka-obr02.pdf Graphic file (type pdf)
<use ../img/ukazka-obr02.pdf>
Package pdftex.def Info: ../img/ukazka-obr02.pdf  used on input line 2756.
(pdftex.def)             Requested size: 398.3596pt x 398.3596pt.
<../img/ukazka-obr03.pdf, id=1281, 433.62pt x 614.295pt>
File: ../img/ukazka-obr03.pdf Graphic file (type pdf)
<use ../img/ukazka-obr03.pdf>
Package pdftex.def Info: ../img/ukazka-obr03.pdf  used on input line 2762.
(pdftex.def)             Requested size: 398.3596pt x 563.39606pt.
 [114] [115 <../img/ukazka-obr01.pdf>] [116 <../img/ukazka-obr02.pdf>] [117 <../img/ukazka-obr03.pdf>]
Kapitola 10.
[118

]
Kapitola 11.
) [119

]
\openout2 = `zaver.aux'.

 (zaver.tex) [120




]
\openout2 = `literatura.aux'.

 (literatura.tex (prace.bbl)) [121




] (prace.lof
Overfull \hbox (1.77156pt too wide) in paragraph at lines 22--22
 [][] [][]\T1/lmr/m/n/12 Ukáºka za-da-nia fil-tru. Fil-ter "kul-t-úrne de-di£stvo"s hod-no-tou "UNE- |
 []

)
\tf@lof=\write7
\openout7 = `prace.lof'.

 [122



] (prace.lot)
\tf@lot=\write8
\openout8 = `prace.lot'.

 [123

] [124

]
P\v {r}\'{\i }loha A.
[125

] (prace.aux (titulka.aux) (uvod.aux) (kap01.aux) (kap02.aux) (kap03.aux) (kap04.aux) (zaver.aux) (literatura.aux))
Package rerunfilecheck Info: File `prace.out' has not changed.
(rerunfilecheck)             Checksum: 811010093396A9F636E0923B8C6270B3;13905.
 ) 
Here is how much of TeX's memory you used:
 17762 strings out of 476315
 280100 string characters out of 5787196
 1869068 words of memory out of 5000000
 37288 multiletter control sequences out of 15000+600000
 638391 words of font info for 111 fonts, out of 8000000 for 9000
 1141 hyphenation exceptions out of 8191
 92i,19n,92p,579b,2379s stack positions out of 10000i,1000n,20000p,200000b,200000s
<C:/Users/bojac/AppData/Local/Programs/MiKTeX/fonts/type1/public/lm/lmbx12.pfb><C:/Users/bojac/AppData/Local/Programs/MiKTeX/fonts/type1/public/lm/lmcsc10.pfb><C:/Users/bojac/AppData/Local/Programs/MiKTeX/fonts/type1/public/lm/lmex10.pfb><C:/Users/bojac/AppData/Local/Programs/MiKTeX/fonts/type1/public/lm/lmmi12.pfb><C:/Users/bojac/AppData/Local/Programs/MiKTeX/fonts/type1/public/lm/lmmi7.pfb><C:/Users/bojac/AppData/Local/Programs/MiKTeX/fonts/type1/public/lm/lmmi8.pfb><C:/Users/bojac/AppData/Local/Programs/MiKTeX/fonts/type1/public/lm/lmmib10.pfb><C:/Users/bojac/AppData/Local/Programs/MiKTeX/fonts/type1/public/lm/lmr10.pfb><C:/Users/bojac/AppData/Local/Programs/MiKTeX/fonts/type1/public/lm/lmr12.pfb><C:/Users/bojac/AppData/Local/Programs/MiKTeX/fonts/type1/public/lm/lmr17.pfb><C:/Users/bojac/AppData/Local/Programs/MiKTeX/fonts/type1/public/lm/lmr8.pfb><C:/Users/bojac/AppData/Local/Programs/MiKTeX/fonts/type1/public/lm/lmri10.pfb><C:/Users/bojac/AppData/Local/Programs/MiKTeX/fonts/type1/public/lm/lmri12.pfb><C:/Users/bojac/AppData/Local/Programs/MiKTeX/fonts/type1/public/lm/lmss12.pfb><C:/Users/bojac/AppData/Local/Programs/MiKTeX/fonts/type1/public/lm/lmsso12.pfb><C:/Users/bojac/AppData/Local/Programs/MiKTeX/fonts/type1/public/lm/lmsy10.pfb><C:/Users/bojac/AppData/Local/Programs/MiKTeX/fonts/type1/public/lm/lmsy8.pfb><C:/Users/bojac/AppData/Local/Programs/MiKTeX/fonts/type1/public/lm/lmtt10.pfb><C:/Users/bojac/AppData/Local/Programs/MiKTeX/fonts/type1/public/lm/lmtt12.pfb><C:/Users/bojac/AppData/Local/Programs/MiKTeX/fonts/type1/public/amsfonts/symbols/msbm10.pfb>
Output written on prace.pdf (129 pages, 9702616 bytes).
PDF statistics:
 1650 PDF objects out of 1728 (max. 8388607)
 486 named destinations out of 1000 (max. 500000)
 813 words of extra memory for PDF output out of 10000 (max. 10000000)

