\BOOKMARK [0][-]{chapter*.2}{\376\377\000\332\000v\000o\000d}{}% 1
\BOOKMARK [0][-]{chapter.1}{\376\377\000A\000n\000a\000l\000\375\000z\000a\000\040\000p\000o\001\176\000i\000a\000d\000a\000v\000k\000o\000u}{}% 2
\BOOKMARK [1][-]{section.1.1}{\376\377\000P\000o\001\176\000i\000a\000d\000a\000v\000k\000y}{chapter.1}% 3
\BOOKMARK [1][-]{section.1.2}{\376\377\000F\000u\000n\000k\001\015\000n\000\351\000\040\000p\000o\001\176\000i\000a\000d\000a\000v\000k\000y}{chapter.1}% 4
\BOOKMARK [2][-]{subsection.1.2.1}{\376\377\000F\000u\000n\000k\001\015\000n\000e\000\040\000p\000o\001\176\000i\000a\000d\000a\000v\000k\000y\000\040\000a\000k\000o\000\040\000p\000o\000u\001\176\000\355\000v\000a\000t\000e\001\076\000s\000k\000\351\000\040\000p\000r\000\355\000b\000e\000h\000y}{section.1.2}% 5
\BOOKMARK [2][-]{subsection.1.2.2}{\376\377\000F\000u\000n\000k\001\015\000n\000e\000\040\000p\000o\001\176\000i\000a\000d\000a\000v\000k\000y\000\040\000a\000k\000o\000\040\000u\000s\000e\000\040\000c\000a\000s\000e\000\040\000s\000c\000e\000n\000\341\000r\000e\000\040}{section.1.2}% 6
\BOOKMARK [2][-]{subsection.1.2.3}{\376\377\000Z\000a\000m\000i\000e\000t\000n\000u\000t\000\351\000\040\000f\000u\000n\000k\001\015\000n\000e\000\040\000p\000o\001\176\000i\000a\000d\000a\000v\000k\000y\000\040}{section.1.2}% 7
\BOOKMARK [1][-]{section.1.3}{\376\377\000N\000e\000f\000u\000n\000k\001\015\000n\000\351\000\040\000p\000o\001\176\000i\000a\000d\000a\000v\000k\000y}{chapter.1}% 8
\BOOKMARK [0][-]{chapter.2}{\376\377\000M\000a\000p\000o\000v\000\351\000\040\000w\000e\000b\000o\000v\000\351\000\040\000a\000p\000l\000i\000k\000\341\000c\000i\000e}{}% 9
\BOOKMARK [1][-]{section.2.1}{\376\377\000G\000o\000o\000g\000l\000e\000\040\000M\000a\000p\000s}{chapter.2}% 10
\BOOKMARK [1][-]{section.2.2}{\376\377\000M\000a\000p\000y\000.\000c\000z}{chapter.2}% 11
\BOOKMARK [1][-]{section.2.3}{\376\377\000O\000p\000e\000n\000S\000t\000r\000e\000e\000t\000M\000a\000p}{chapter.2}% 12
\BOOKMARK [0][-]{chapter.3}{\376\377\000A\000n\000a\000l\000\375\000z\000a}{}% 13
\BOOKMARK [1][-]{section.3.1}{\376\377\000T\000h\000e\000\040\000R\000e\000s\000o\000u\000r\000c\000e\000\040\000D\000e\000s\000c\000r\000i\000p\000t\000i\000o\000n\000\040\000F\000r\000a\000m\000e\000w\000o\000r\000k}{chapter.3}% 14
\BOOKMARK [2][-]{subsection.3.1.1}{\376\377\000R\000D\000F\000\040\000D\000\341\000t\000o\000v\000\375\000\040\000M\000o\000d\000e\000l\000\040}{section.3.1}% 15
\BOOKMARK [2][-]{subsection.3.1.2}{\376\377\000T\000y\000p\000y\000\040\000R\000D\000F\000\040\000d\000\341\000t\000\040}{section.3.1}% 16
\BOOKMARK [2][-]{subsection.3.1.3}{\376\377\000V\000i\000a\000c\000e\000r\000\351\000\040\000g\000r\000a\000f\000y}{section.3.1}% 17
\BOOKMARK [2][-]{subsection.3.1.4}{\376\377\000R\000D\000F\000\040\000s\000l\000o\000v\000n\000\355\000k\000y}{section.3.1}% 18
\BOOKMARK [1][-]{section.3.2}{\376\377\000W\000i\000k\000i\000d\000a\000t\000a}{chapter.3}% 19
\BOOKMARK [1][-]{section.3.3}{\376\377\000W\000i\000k\000i\000d\000a\000t\000a\000\040\000Q\000u\000e\000r\000y\000\040\000S\000e\000r\000v\000i\000c\000e\000\040}{chapter.3}% 20
\BOOKMARK [2][-]{subsection.3.3.1}{\376\377\000S\000P\000A\000R\000Q\000L\000\040\000p\000r\000e\000\040\000W\000i\000k\000i\000d\000a\000t\000a}{section.3.3}% 21
\BOOKMARK [2][-]{subsection.3.3.2}{\376\377\000L\000a\000b\000e\000l\000\040\000s\000e\000r\000v\000i\000c\000e}{section.3.3}% 22
\BOOKMARK [2][-]{subsection.3.3.3}{\376\377\000G\000e\000o\000p\000r\000i\000e\000s\000t\000o\000r\000o\000v\000\351\000\040\000v\000y\000h\001\076\000a\000d\000\341\000v\000a\000n\000i\000e\000\040\000-\000\040\000A\000r\000o\000u\000n\000d\000\040\000s\000e\000r\000v\000i\000c\000e\000\040}{section.3.3}% 23
\BOOKMARK [2][-]{subsection.3.3.4}{\376\377\000M\000e\000d\000i\000a\000W\000i\000k\000i\000\040\000A\000P\000I\000\040\000Q\000u\000e\000r\000y\000\040\000S\000e\000r\000v\000i\000c\000e}{section.3.3}% 24
\BOOKMARK [1][-]{section.3.4}{\376\377\000W\000i\000k\000i\000m\000e\000d\000i\000a\000\040\000s\000e\000r\000v\000i\000c\000e}{chapter.3}% 25
\BOOKMARK [0][-]{chapter.4}{\376\377\000N\000\341\000v\000r\000h}{}% 26
\BOOKMARK [1][-]{section.4.1}{\376\377\000N\000\341\000v\000r\000h\000\040\000s\000o\000f\000t\000v\000\351\000r\000o\000v\000e\000j\000\040\000a\000r\000c\000h\000i\000t\000e\000k\000t\000\372\000r\000y}{chapter.4}% 27
\BOOKMARK [2][-]{subsection.4.1.1}{\376\377\000S\000y\000s\000t\000\351\000m\000\040\000K\000o\000n\000t\000e\000x\000t\000\040\000d\000i\000a\000g\000r\000a\000m}{section.4.1}% 28
\BOOKMARK [2][-]{subsection.4.1.2}{\376\377\000K\000o\000n\000t\000a\000j\000n\000e\000r\000\040\000d\000i\000a\000g\000r\000a\000m\000\040}{section.4.1}% 29
\BOOKMARK [2][-]{subsection.4.1.3}{\376\377\000S\000e\000r\000v\000e\000r\000\040\000K\000o\000m\000p\000o\000n\000e\000n\000t\000\040\000d\000i\000a\000g\000r\000a\000m\000\040}{section.4.1}% 30
\BOOKMARK [2][-]{subsection.4.1.4}{\376\377\000\040\000S\000P\000A\000\040\000K\000o\000m\000p\000o\000n\000e\000n\000t\000\040\000d\000i\000a\000g\000r\000a\000m}{section.4.1}% 31
\BOOKMARK [1][-]{section.4.2}{\376\377\000N\000\341\000v\000r\000h\000\040\000d\000a\000t\000a\000b\000\341\000z\000y}{chapter.4}% 32
\BOOKMARK [0][-]{chapter.5}{\376\377\000I\000m\000p\000l\000e\000m\000e\000n\000t\000\341\000c\000i\000a\000\040\000a\000p\000l\000i\000k\000\341\000c\000i\000e}{}% 33
\BOOKMARK [1][-]{section.5.1}{\376\377\000T\000e\000c\000h\000n\000o\000l\000\363\000g\000i\000e\000\040\000p\000o\000u\001\176\000i\000t\000e\000\040\000p\000r\000e\000\040\000v\000\375\000v\000o\000j}{chapter.5}% 34
\BOOKMARK [2][-]{subsection.5.1.1}{\376\377\000B\000a\000c\000k\000e\000n\000d}{section.5.1}% 35
\BOOKMARK [2][-]{subsection.5.1.2}{\376\377\000F\000r\000o\000n\000t\000e\000n\000d}{section.5.1}% 36
\BOOKMARK [1][-]{section.5.2}{\376\377\000I\000m\000p\000l\000e\000m\000e\000n\000t\000\341\000c\000i\000a\000\040\000S\000P\000A\000R\000Q\000L\000\040\000d\000o\000t\000a\000z\000o\000v}{chapter.5}% 37
\BOOKMARK [2][-]{subsection.5.2.1}{\376\377\000V\000y\000h\001\076\000a\000d\000\341\000v\000a\000n\000i\000e\000\040\000m\000a\000p\000o\000v\000\375\000c\000h\000\040\000o\000b\000j\000e\000k\000t\000o\000v}{section.5.2}% 38
\BOOKMARK [2][-]{subsection.5.2.2}{\376\377\000P\000o\000p\000i\000s\000\040\000a\000\040\000o\000b\000r\000\341\000z\000o\000k}{section.5.2}% 39
\BOOKMARK [2][-]{subsection.5.2.3}{\376\377\000O\000d\000k\000a\000z\000\040\000n\000a\000\040\000W\000i\000k\000i\000p\000\351\000d\000i\000a\000\040\001\015\000l\000\341\000n\000o\000k}{section.5.2}% 40
\BOOKMARK [2][-]{subsection.5.2.4}{\376\377\000D\000e\000t\000a\000i\000l\000y\000\040\000m\000a\000p\000o\000v\000\351\000h\000o\000\040\000o\000b\000j\000e\000k\000t\000u}{section.5.2}% 41
\BOOKMARK [2][-]{subsection.5.2.5}{\376\377\000V\000y\000h\001\076\000a\000d\000\341\000v\000a\000n\000i\000e\000\040\000k\000a\000t\000e\000g\000\363\000r\000i\000i}{section.5.2}% 42
\BOOKMARK [2][-]{subsection.5.2.6}{\376\377\000V\000y\000h\001\076\000a\000d\000\341\000v\000a\000n\000i\000e\000\040\000a\000d\000m\000i\000n\000i\000s\000t\000r\000a\000t\000\355\000v\000n\000e\000h\000o\000\040\000\372\000z\000e\000m\000i\000a\000\040\000a\000\040\000r\000e\000g\000i\000\363\000n\000o\000v}{section.5.2}% 43
\BOOKMARK [2][-]{subsection.5.2.7}{\376\377\000V\000l\000a\000s\000t\000n\000o\000s\000t\000i\000\040\000a\000k\000o\000\040\000f\000i\000l\000t\000r\000e\000\040}{section.5.2}% 44
\BOOKMARK [2][-]{subsection.5.2.8}{\376\377\000O\000b\000m\000e\000d\000z\000e\000n\000i\000a\000\040\000v\000l\000a\000s\000t\000n\000o\000s\000t\000i\000\040}{section.5.2}% 45
\BOOKMARK [2][-]{subsection.5.2.9}{\376\377\000V\000y\000h\001\076\000a\000d\000\341\000v\000a\000n\000i\000e\000\040\000h\000o\000d\000n\000\364\000t\000\040\000u\000\040\000f\000i\000l\000t\000r\000o\000v}{section.5.2}% 46
\BOOKMARK [2][-]{subsection.5.2.10}{\376\377\000V\000y\000h\001\076\000a\000d\000\341\000v\000a\000n\000i\000e\000\040\000s\000k\000u\000p\000i\000n\000y\000\040\000m\000a\000p\000o\000v\000\375\000c\000h\000\040\000o\000b\000j\000e\000k\000t\000o\000v\000\040\000n\000a\000\040\000z\000\341\000k\000l\000a\000d\000e\000\040\000p\000a\000r\000a\000m\000e\000t\000r\000o\000v}{section.5.2}% 47
\BOOKMARK [1][-]{section.5.3}{\376\377\001\140\000t\000r\000u\000k\000t\000\372\000r\000a\000\040\000p\000r\000o\000j\000e\000k\000t\000u}{chapter.5}% 48
\BOOKMARK [1][-]{section.5.4}{\376\377\000B\000a\000c\000k\000e\000n\000d}{chapter.5}% 49
\BOOKMARK [2][-]{subsection.5.4.1}{\376\377\000V\000y\000t\000v\000\341\000r\000a\000n\000i\000e\000\040\000S\000P\000A\000R\000Q\000L\000\040\000d\000o\000t\000a\000z\000o\000v}{section.5.4}% 50
\BOOKMARK [2][-]{subsection.5.4.2}{\376\377\000P\000o\000s\000i\000e\000l\000a\000n\000i\000e\000\040\000a\000\040\000z\000\355\000s\000k\000a\000v\000a\000n\000i\000e\000\040\000d\000\341\000t\000\040\000z\000\040\000W\000i\000k\000i\000d\000a\000t\000a\000\040}{section.5.4}% 51
\BOOKMARK [2][-]{subsection.5.4.3}{\376\377\000D\000a\000t\000a\000b\000\341\000z\000a}{section.5.4}% 52
\BOOKMARK [2][-]{subsection.5.4.4}{\376\377\000R\000E\000S\000T\000\040\000A\000P\000I}{section.5.4}% 53
\BOOKMARK [1][-]{section.5.5}{\376\377\000F\000r\000o\000n\000t\000e\000n\000d}{chapter.5}% 54
\BOOKMARK [2][-]{subsection.5.5.1}{\376\377\000F\000u\000n\000k\000c\000i\000o\000n\000\341\000l\000n\000e\000\040\000k\000o\000m\000p\000o\000n\000e\000n\000t\000y\000\040}{section.5.5}% 55
\BOOKMARK [2][-]{subsection.5.5.2}{\376\377\000V\000y\000t\000v\000o\000r\000e\000n\000i\000e\000\040\000R\000e\000a\000c\000t\000\040\000a\000p\000l\000i\000k\000\341\000c\000i\000e\000\040}{section.5.5}% 56
\BOOKMARK [2][-]{subsection.5.5.3}{\376\377\000I\000m\000p\000l\000e\000m\000e\000n\000\341\000t\000a\000c\000i\000a\000\040\000W\000o\000r\000l\000d\000\040\000c\000o\000l\000l\000e\000c\000t\000i\000o\000n}{section.5.5}% 57
\BOOKMARK [0][-]{chapter.6}{\376\377\000U\001\176\000\355\000v\000a\000t\000e\001\076\000s\000k\000\341\000\040\000d\000o\000k\000u\000m\000e\000n\000t\000\341\000c\000i\000a}{}% 58
\BOOKMARK [1][-]{section.6.1}{\376\377\000P\000r\000e\000h\000l\000a\001\017\000\040\000k\000o\000l\000e\000k\000c\000i\000i}{chapter.6}% 59
\BOOKMARK [1][-]{section.6.2}{\376\377\000V\000y\000h\001\076\000a\000d\000\341\000v\000a\000n\000i\000e\000\040\000m\000a\000p\000o\000v\000\375\000c\000h\000\040\000o\000b\000j\000e\000k\000t\000o\000v\000\040}{chapter.6}% 60
\BOOKMARK [1][-]{section.6.3}{\376\377\000P\000r\000i\000d\000\341\000v\000a\000n\000i\000e\000\040\000m\000a\000p\000o\000v\000\375\000c\000h\000\040\000o\000b\000j\000e\000k\000t\000o\000v\000\040}{chapter.6}% 61
\BOOKMARK [1][-]{section.6.4}{\376\377\000S\000p\000r\000a\000v\000o\000v\000a\000n\000i\000e\000\040\000k\000o\000l\000e\000k\000c\000i\000i\000\040}{chapter.6}% 62
\BOOKMARK [0][-]{chapter.7}{\376\377\000T\000e\000s\000t\000o\000v\000a\000n\000i\000e\000\040}{}% 63
\BOOKMARK [1][-]{section.7.1}{\376\377\000P\000l\000a\000y\000w\000r\000i\000g}{chapter.7}% 64
\BOOKMARK [1][-]{section.7.2}{\376\377\000I\000n\001\141\000t\000a\000l\000\341\000c\000i\000a\000\040\000a\000\040\000s\000p\000u\000s\000t\000e\000n\000i\000e\000\040}{chapter.7}% 65
\BOOKMARK [1][-]{section.7.3}{\376\377\000P\000l\000a\000y\000w\000r\000i\000g\000h\000t\000\040\000t\000e\000s\000t\000y}{chapter.7}% 66
\BOOKMARK [1][-]{section.7.4}{\376\377\000P\000r\000e\000h\000l\000a\001\017\000\040\000t\000e\000s\000t\000o\000v}{chapter.7}% 67
\BOOKMARK [0][-]{chapter.8}{\376\377\000U\000k\000\341\001\172\000k\000y}{}% 68
\BOOKMARK [1][-]{section.8.1}{\376\377\000J\000e\000d\000n\000o\000d\000u\000c\000h\000\351\000\040\000p\001\131\000\355\000k\000l\000a\000d\000y}{chapter.8}% 69
\BOOKMARK [1][-]{section.8.2}{\376\377\000M\000a\000t\000e\000m\000a\000t\000i\000c\000k\000\351\000\040\000v\000z\000o\000r\000c\000e\000\040\000a\000\040\000v\000\375\000r\000a\000z\000y}{chapter.8}% 70
\BOOKMARK [1][-]{section.8.3}{\376\377\000D\000e\000f\000i\000n\000i\000c\000e\000,\000\040\000v\001\033\000t\000y\000,\000\040\000d\001\157\000k\000a\000z\000y\000,\000\040\040\046}{chapter.8}% 71
\BOOKMARK [0][-]{chapter.9}{\376\377\000T\000a\000b\000u\000l\000k\000y\000,\000\040\000o\000b\000r\000\341\000z\000k\000y\000,\000\040\000p\000r\000o\000g\000r\000a\000m\000y}{}% 72
\BOOKMARK [1][-]{section.9.1}{\376\377\000T\000a\000b\000u\000l\000k\000y}{chapter.9}% 73
\BOOKMARK [1][-]{section.9.2}{\376\377\000O\000b\000r\000\341\000z\000k\000y}{chapter.9}% 74
\BOOKMARK [1][-]{section.9.3}{\376\377\000P\000r\000o\000g\000r\000a\000m\000y}{chapter.9}% 75
\BOOKMARK [0][-]{chapter.10}{\376\377\000O\000d\000k\000a\000z\000y\000\040\000n\000a\000\040\000l\000i\000t\000e\000r\000a\000t\000u\000r\000u}{}% 76
\BOOKMARK [1][-]{section.10.1}{\376\377\000N\001\033\000k\000o\000l\000i\000k\000\040\000u\000k\000\341\000z\000e\000k}{chapter.10}% 77
\BOOKMARK [0][-]{chapter.11}{\376\377\000F\000o\000r\000m\000\341\000t\000\040\000P\000D\000F\000/\000A}{}% 78
\BOOKMARK [0][-]{chapter*.65}{\376\377\000Z\000\341\000v\001\033\000r}{}% 79
\BOOKMARK [0][-]{chapter*.66}{\376\377\000S\000e\000z\000n\000a\000m\000\040\000p\000o\000u\001\176\000i\000t\000\351\000\040\000l\000i\000t\000e\000r\000a\000t\000u\000r\000y}{}% 80
\BOOKMARK [0][-]{chapter*.67}{\376\377\000S\000e\000z\000n\000a\000m\000\040\000o\000b\000r\000\341\000z\000k\001\157}{}% 81
\BOOKMARK [0][-]{chapter*.68}{\376\377\000S\000e\000z\000n\000a\000m\000\040\000t\000a\000b\000u\000l\000e\000k}{}% 82
\BOOKMARK [0][-]{chapter*.69}{\376\377\000S\000e\000z\000n\000a\000m\000\040\000p\000o\000u\001\176\000i\000t\000\375\000c\000h\000\040\000z\000k\000r\000a\000t\000e\000k}{}% 83
\BOOKMARK [0][-]{appendix.A}{\376\377\000P\001\131\000\355\000l\000o\000h\000y}{}% 84
\BOOKMARK [1][-]{section.A.1}{\376\377\000P\000r\000v\000n\000\355\000\040\000p\001\131\000\355\000l\000o\000h\000a}{appendix.A}% 85
